[debug] [2022-11-25T18:28:11.554Z] ----------------------------------------------------------------------
[debug] [2022-11-25T18:28:11.557Z] Command:       /snap/node/6895/bin/node /home/hourlycodes/Desktop/effects/node_modules/.bin/firebase init
[debug] [2022-11-25T18:28:11.557Z] CLI Version:   11.16.1
[debug] [2022-11-25T18:28:11.558Z] Platform:      linux
[debug] [2022-11-25T18:28:11.558Z] Node Version:  v16.18.1
[debug] [2022-11-25T18:28:11.558Z] Time:          Fri Nov 25 2022 13:28:11 GMT-0500 (Eastern Standard Time)
[debug] [2022-11-25T18:28:11.559Z] ----------------------------------------------------------------------
[debug] 
[debug] [2022-11-25T18:28:11.574Z] > command requires scopes: ["email","openid","https://www.googleapis.com/auth/cloudplatformprojects.readonly","https://www.googleapis.com/auth/firebase","https://www.googleapis.com/auth/cloud-platform"]
[debug] [2022-11-25T18:28:11.574Z] > authorizing via signed-in user (hourlycodes@gmail.com)
[info] 
     ######## #### ########  ######## ########     ###     ######  ########
     ##        ##  ##     ## ##       ##     ##  ##   ##  ##       ##
     ######    ##  ########  ######   ########  #########  ######  ######
     ##        ##  ##    ##  ##       ##     ## ##     ##       ## ##
     ##       #### ##     ## ######## ########  ##     ##  ######  ########

You're about to initialize a Firebase project in this directory:

  /home/hourlycodes/Desktop/effects

Before we get started, keep in mind:

  * You are currently outside your home directory

[info] 
=== Project Setup
[info] 
[info] First, let's associate this project directory with a Firebase project.
[info] You can create multiple project aliases by running firebase use --add, 
[info] but for now we'll just set up a default project.
[info] 
[debug] [2022-11-25T18:28:38.370Z] >>> [apiv2][query] GET https://firebase.googleapis.com/v1beta1/projects pageSize=100
[debug] [2022-11-25T18:28:39.811Z] <<< [apiv2][status] GET https://firebase.googleapis.com/v1beta1/projects 200
[debug] [2022-11-25T18:28:39.812Z] <<< [apiv2][body] GET https://firebase.googleapis.com/v1beta1/projects [omitted]
[info] i  Using project hourlycodes (hourlycodes) 
[info] 
=== Hosting Setup
[info] 
[info] Your public directory is the folder (relative to your project directory) that
[info] will contain Hosting assets to be uploaded with firebase deploy. If you
[info] have a build process for your assets, use your build's output directory.
[info] 
[debug] [2022-11-25T18:29:06.480Z] >>> [apiv2][query] GET https://www.gstatic.com/firebasejs/releases.json [none]
[debug] [2022-11-25T18:29:07.376Z] <<< [apiv2][status] GET https://www.gstatic.com/firebasejs/releases.json 200
[debug] [2022-11-25T18:29:07.376Z] <<< [apiv2][body] GET https://www.gstatic.com/firebasejs/releases.json {"current":{"version":"9.14.0","browserURL":"https://www.gstatic.com/firebasejs/9.14.0/firebase.js","packageURL":"https://www.gstatic.com/firebasejs/9.14.0/firebase.tgz"},"live":{"version":"9.14","browserURL":"https://www.gstatic.com/firebasejs/live/9.14/firebase.js","packageURL":"https://www.gstatic.com/firebasejs/live/9.14/firebase.tgz"},"components":{"analytics":"https://www.gstatic.com/firebasejs/9.14.0/firebase-analytics.js","app":"https://www.gstatic.com/firebasejs/9.14.0/firebase-app.js","app-check":"https://www.gstatic.com/firebasejs/9.14.0/firebase-app-check.js","auth":"https://www.gstatic.com/firebasejs/9.14.0/firebase-auth.js","auth/cordova":"https://www.gstatic.com/firebasejs/9.14.0/firebase-auth/cordova.js","auth/react-native":"https://www.gstatic.com/firebasejs/9.14.0/firebase-auth/react-native.js","functions":"https://www.gstatic.com/firebasejs/9.14.0/firebase-functions.js","firestore":"https://www.gstatic.com/firebasejs/9.14.0/firebase-firestore.js","firestore/lite":"https://www.gstatic.com/firebasejs/9.14.0/firebase-firestore/lite.js","installations":"https://www.gstatic.com/firebasejs/9.14.0/firebase-installations.js","storage":"https://www.gstatic.com/firebasejs/9.14.0/firebase-storage.js","performance":"https://www.gstatic.com/firebasejs/9.14.0/firebase-performance.js","remote-config":"https://www.gstatic.com/firebasejs/9.14.0/firebase-remote-config.js","messaging":"https://www.gstatic.com/firebasejs/9.14.0/firebase-messaging.js","messaging/sw":"https://www.gstatic.com/firebasejs/9.14.0/firebase-messaging/sw.js","database":"https://www.gstatic.com/firebasejs/9.14.0/firebase-database.js","firestore.memory":"https://www.gstatic.com/firebasejs/9.14.0/firebase-firestore.memory.js"}}
[info] i  Skipping write of build/index.html 
[info] 
[info] i  Detected a .git folder at /home/hourlycodes/Desktop/effects 
[info] i  Authorizing with GitHub to upload your service account to a GitHub repository's secrets store. 
[info] 
[info] Visit this URL on this device to log in:
[info] https://github.com/login/oauth/authorize?client_id=89cf50f02ac6aaed3484&state=906078577&redirect_uri=http%3A%2F%2Flocalhost%3A9005&scope=read%3Auser%20repo%20public_repo
[info] 
[info] Waiting for authentication...
[debug] [2022-11-25T18:29:23.304Z] >>> [apiv2][query] POST https://github.com/login/oauth/access_token [none]
[debug] [2022-11-25T18:29:23.305Z] >>> [apiv2][body] POST https://github.com/login/oauth/access_token [stream]
[debug] [2022-11-25T18:29:24.087Z] <<< [apiv2][status] POST https://github.com/login/oauth/access_token 200
[debug] [2022-11-25T18:29:24.088Z] <<< [apiv2][body] POST https://github.com/login/oauth/access_token {"access_token":"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","token_type":"bearer","scope":"read:user,repo"}
[debug] [2022-11-25T18:29:24.121Z] >>> [apiv2][query] GET https://api.github.com/user [none]
[debug] [2022-11-25T18:29:24.925Z] <<< [apiv2][status] GET https://api.github.com/user 200
[debug] [2022-11-25T18:29:24.925Z] <<< [apiv2][body] GET https://api.github.com/user {"login":"EmmanuelMmanda","id":112853016,"node_id":"U_kgDOBroAGA","avatar_url":"https://avatars.githubusercontent.com/u/112853016?v=4","gravatar_id":"","url":"https://api.github.com/users/EmmanuelMmanda","html_url":"https://github.com/EmmanuelMmanda","followers_url":"https://api.github.com/users/EmmanuelMmanda/followers","following_url":"https://api.github.com/users/EmmanuelMmanda/following{/other_user}","gists_url":"https://api.github.com/users/EmmanuelMmanda/gists{/gist_id}","starred_url":"https://api.github.com/users/EmmanuelMmanda/starred{/owner}{/repo}","subscriptions_url":"https://api.github.com/users/EmmanuelMmanda/subscriptions","organizations_url":"https://api.github.com/users/EmmanuelMmanda/orgs","repos_url":"https://api.github.com/users/EmmanuelMmanda/repos","events_url":"https://api.github.com/users/EmmanuelMmanda/events{/privacy}","received_events_url":"https://api.github.com/users/EmmanuelMmanda/received_events","type":"User","site_admin":false,"name":"Emmanuel-Mmanda","company":"A-Media","blog":"https://ajiramedia.com","location":"Tanzania","email":null,"hireable":null,"bio":"A Tanzanian Technoligy enthusiast ,and Programmer. Eager to Learn and Discover new Technologies.","twitter_username":"immaginativetz","public_repos":18,"public_gists":0,"followers":2,"following":2,"created_at":"2022-09-05T07:32:41Z","updated_at":"2022-11-02T13:02:18Z","private_gists":0,"total_private_repos":0,"owned_private_repos":0,"disk_usage":17525,"collaborators":0,"two_factor_authentication":false,"plan":{"name":"free","space":976562499,"collaborators":0,"private_repos":10000}}
[info] 
[info] ✔  Success! Logged into GitHub as EmmanuelMmanda 
[info] 
